#
# There is insufficient memory for the Java Runtime Environment to continue.
# Native memory allocation (malloc) failed to allocate 939856 bytes for Chunk::new
# Possible reasons:
#   The system is out of physical RAM or swap space
#   The process is running with CompressedOops enabled, and the Java Heap may be blocking the growth of the native heap
# Possible solutions:
#   Reduce memory load on the system
#   Increase physical memory or swap space
#   Check if swap backing store is full
#   Decrease Java heap size (-Xmx/-Xms)
#   Decrease number of Java threads
#   Decrease Java thread stack sizes (-Xss)
#   Set larger code cache with -XX:ReservedCodeCacheSize=
#   JVM is running with Unscaled Compressed Oops mode in which the Java heap is
#     placed in the first 4GB address space. The Java Heap base address is the
#     maximum limit for the native heap growth. Please use -XX:HeapBaseMinAddress
#     to set the Java Heap base and to place the Java Heap above 4GB virtual address.
# This output file may be truncated or incomplete.
#
#  Out of Memory Error (./open/src/hotspot/share/memory/arena.cpp:197), pid=7152, tid=3592
#
# JRE version: Java(TM) SE Runtime Environment 18.9 (11.0.26+7) (build 11.0.26+7-LTS-187)
# Java VM: Java HotSpot(TM) 64-Bit Server VM 18.9 (11.0.26+7-LTS-187, mixed mode, tiered, compressed oops, g1 gc, windows-amd64)
# No core dump will be written. Minidumps are not enabled by default on client versions of Windows
#

---------------  S U M M A R Y ------------

Command Line: -javaagent:C:\Program Files\JetBrains\IntelliJ IDEA 2025.1\lib\idea_rt.jar=65006 -Dfile.encoding=UTF-8 com.ead.authuser.AuthuserApplication

Host: Intel(R) Core(TM) i5 CPU       M 480  @ 2.67GHz, 4 cores, 7G,  Windows 10 , 64 bit Build 19041 (10.0.19041.541)
Time: Sat May 24 09:10:55 2025 Hora oficial do Brasil elapsed time: 7.012845 seconds (0d 0h 0m 7s)

---------------  T H R E A D  ---------------

Current thread (0x000001e93fbfa800):  JavaThread "C2 CompilerThread1" daemon [_thread_in_native, id=3592, stack(0x0000001d8dd00000,0x0000001d8de00000)]


Current CompileTask:
C2:   7012 2624       4       java.net.URLStreamHandler::parseURL (1201 bytes)

Stack: [0x0000001d8dd00000,0x0000001d8de00000]
Native frames: (J=compiled Java code, j=interpreted, Vv=VM code, C=native code)
V  [jvm.dll+0x65862a]
V  [jvm.dll+0x79b21f]
V  [jvm.dll+0x79c8e9]
V  [jvm.dll+0x79cf93]
V  [jvm.dll+0x255745]
V  [jvm.dll+0xb312c]
V  [jvm.dll+0xb373c]
V  [jvm.dll+0x35fa5f]
V  [jvm.dll+0x1a1144]
V  [jvm.dll+0x20f25d]
V  [jvm.dll+0x20e0dd]
V  [jvm.dll+0x18b381]
V  [jvm.dll+0x21e734]
V  [jvm.dll+0x21ca5c]
V  [jvm.dll+0x75f0e1]
V  [jvm.dll+0x757a04]
V  [jvm.dll+0x6574d5]
C  [ucrtbase.dll+0x214c2]
C  [KERNEL32.DLL+0x17034]
C  [ntdll.dll+0x4cec1]


---------------  P R O C E S S  ---------------

Threads class SMR info:
_java_thread_list=0x000001e940c3f1a0, length=16, elements={
0x000001e91fd3a800, 0x000001e93d33d000, 0x000001e93d33e000, 0x000001e93dcd2800,
0x000001e93d350000, 0x000001e93d351000, 0x000001e93d356800, 0x000001e93dd09000,
0x000001e93dd28000, 0x000001e93de18800, 0x000001e93df97800, 0x000001e93f430800,
0x000001e93f372800, 0x000001e93e713800, 0x000001e93e714800, 0x000001e93fbfa800
}

Java Threads: ( => current thread )
  0x000001e91fd3a800 JavaThread "main" [_thread_in_native, id=9144, stack(0x0000001d8c300000,0x0000001d8c400000)]
  0x000001e93d33d000 JavaThread "Reference Handler" daemon [_thread_blocked, id=9152, stack(0x0000001d8ca00000,0x0000001d8cb00000)]
  0x000001e93d33e000 JavaThread "Finalizer" daemon [_thread_blocked, id=8976, stack(0x0000001d8cb00000,0x0000001d8cc00000)]
  0x000001e93dcd2800 JavaThread "Signal Dispatcher" daemon [_thread_blocked, id=8620, stack(0x0000001d8cc00000,0x0000001d8cd00000)]
  0x000001e93d350000 JavaThread "Attach Listener" daemon [_thread_blocked, id=6500, stack(0x0000001d8cd00000,0x0000001d8ce00000)]
  0x000001e93d351000 JavaThread "Service Thread" daemon [_thread_blocked, id=3720, stack(0x0000001d8ce00000,0x0000001d8cf00000)]
  0x000001e93d356800 JavaThread "C2 CompilerThread0" daemon [_thread_blocked, id=5096, stack(0x0000001d8cf00000,0x0000001d8d000000)]
  0x000001e93dd09000 JavaThread "C1 CompilerThread0" daemon [_thread_blocked, id=6192, stack(0x0000001d8d000000,0x0000001d8d100000)]
  0x000001e93dd28000 JavaThread "Sweeper thread" daemon [_thread_blocked, id=6968, stack(0x0000001d8d100000,0x0000001d8d200000)]
  0x000001e93de18800 JavaThread "Common-Cleaner" daemon [_thread_blocked, id=8076, stack(0x0000001d8d200000,0x0000001d8d300000)]
  0x000001e93df97800 JavaThread "Monitor Ctrl-Break" daemon [_thread_in_native, id=1692, stack(0x0000001d8d300000,0x0000001d8d400000)]
  0x000001e93f430800 JavaThread "RMI TCP Accept-0" daemon [_thread_in_native, id=6976, stack(0x0000001d8da00000,0x0000001d8db00000)]
  0x000001e93f372800 JavaThread "RMI TCP Connection(1)-192.168.1.25" daemon [_thread_in_native, id=8540, stack(0x0000001d8d500000,0x0000001d8d600000)]
  0x000001e93e713800 JavaThread "RMI Scheduler(0)" daemon [_thread_blocked, id=8300, stack(0x0000001d8db00000,0x0000001d8dc00000)]
  0x000001e93e714800 JavaThread "JMX server connection timeout 18" daemon [_thread_blocked, id=1652, stack(0x0000001d8dc00000,0x0000001d8dd00000)]
=>0x000001e93fbfa800 JavaThread "C2 CompilerThread1" daemon [_thread_in_native, id=3592, stack(0x0000001d8dd00000,0x0000001d8de00000)]

Other Threads:
  0x000001e93d339800 VMThread "VM Thread" [stack: 0x0000001d8c900000,0x0000001d8ca00000] [id=8840]
  0x000001e93e2e2000 WatcherThread [stack: 0x0000001d8d400000,0x0000001d8d500000] [id=7932]
  0x000001e91fd4f800 GCTaskThread "GC Thread#0" [stack: 0x0000001d8c400000,0x0000001d8c500000] [id=6628]
  0x000001e93e830000 GCTaskThread "GC Thread#1" [stack: 0x0000001d8d600000,0x0000001d8d700000] [id=3888]
  0x000001e93e79c000 GCTaskThread "GC Thread#2" [stack: 0x0000001d8d700000,0x0000001d8d800000] [id=2384]
  0x000001e93fd1b000 GCTaskThread "GC Thread#3" [stack: 0x0000001d8df00000,0x0000001d8e000000] [id=5716]
  0x000001e91dc1e000 ConcurrentGCThread "G1 Main Marker" [stack: 0x0000001d8c500000,0x0000001d8c600000] [id=6960]
  0x000001e91fd7f800 ConcurrentGCThread "G1 Conc#0" [stack: 0x0000001d8c600000,0x0000001d8c700000] [id=4192]
  0x000001e93d191800 ConcurrentGCThread "G1 Refine#0" [stack: 0x0000001d8c700000,0x0000001d8c800000] [id=7164]
  0x000001e93e023000 ConcurrentGCThread "G1 Refine#1" [stack: 0x0000001d8d800000,0x0000001d8d900000] [id=8980]
  0x000001e93e6f3800 ConcurrentGCThread "G1 Refine#2" [stack: 0x0000001d8d900000,0x0000001d8da00000] [id=6884]
  0x000001e91fdff000 ConcurrentGCThread "G1 Young RemSet Sampling" [stack: 0x0000001d8c800000,0x0000001d8c900000] [id=8168]

Threads with active compile tasks:
C2 CompilerThread1     7048 2624       4       java.net.URLStreamHandler::parseURL (1201 bytes)

VM state:not at safepoint (normal execution)

VM Mutex/Monitor currently owned by a thread: None

Heap address: 0x0000000083200000, size: 1998 MB, Compressed Oops mode: 32-bit
Narrow klass base: 0x0000000000000000, Narrow klass shift: 3
Compressed class space size: 1073741824 Address: 0x0000000100000000

Heap:
 garbage-first heap   total 129024K, used 23903K [0x0000000083200000, 0x0000000100000000)
  region size 1024K, 18 young (18432K), 5 survivors (5120K)
 Metaspace       used 30213K, capacity 31059K, committed 31232K, reserved 1077248K
  class space    used 3441K, capacity 3775K, committed 3840K, reserved 1048576K
Heap Regions: E=young(eden), S=young(survivor), O=old, HS=humongous(starts), HC=humongous(continues), CS=collection set, F=free, A=archive, TAMS=top-at-mark-start (previous, next)
|   0|0x0000000083200000, 0x0000000083300000, 0x0000000083300000|100%|HS|  |TAMS 0x0000000083300000, 0x0000000083200000| Complete 
|   1|0x0000000083300000, 0x0000000083400000, 0x0000000083400000|100%| O|  |TAMS 0x0000000083400000, 0x0000000083300000| Untracked 
|   2|0x0000000083400000, 0x0000000083500000, 0x0000000083500000|100%| O|  |TAMS 0x0000000083500000, 0x0000000083400000| Untracked 
|   3|0x0000000083500000, 0x0000000083600000, 0x0000000083600000|100%| O|  |TAMS 0x0000000083600000, 0x0000000083500000| Untracked 
|   4|0x0000000083600000, 0x0000000083700000, 0x0000000083700000|100%| O|  |TAMS 0x0000000083700000, 0x0000000083600000| Untracked 
|   5|0x0000000083700000, 0x0000000083800000, 0x0000000083800000|100%| O|  |TAMS 0x0000000083800000, 0x0000000083700000| Untracked 
|   6|0x0000000083800000, 0x0000000083900000, 0x0000000083900000|100%| O|  |TAMS 0x0000000083900000, 0x0000000083800000| Untracked 
|   7|0x0000000083900000, 0x0000000083900000, 0x0000000083a00000|  0%| F|  |TAMS 0x0000000083900000, 0x0000000083900000| Untracked 
|   8|0x0000000083a00000, 0x0000000083a00000, 0x0000000083b00000|  0%| F|  |TAMS 0x0000000083a00000, 0x0000000083a00000| Untracked 
|   9|0x0000000083b00000, 0x0000000083b00000, 0x0000000083c00000|  0%| F|  |TAMS 0x0000000083b00000, 0x0000000083b00000| Untracked 
|  10|0x0000000083c00000, 0x0000000083c00000, 0x0000000083d00000|  0%| F|  |TAMS 0x0000000083c00000, 0x0000000083c00000| Untracked 
|  11|0x0000000083d00000, 0x0000000083d00000, 0x0000000083e00000|  0%| F|  |TAMS 0x0000000083d00000, 0x0000000083d00000| Untracked 
|  12|0x0000000083e00000, 0x0000000083e00000, 0x0000000083f00000|  0%| F|  |TAMS 0x0000000083e00000, 0x0000000083e00000| Untracked 
|  13|0x0000000083f00000, 0x0000000083f00000, 0x0000000084000000|  0%| F|  |TAMS 0x0000000083f00000, 0x0000000083f00000| Untracked 
|  14|0x0000000084000000, 0x0000000084000000, 0x0000000084100000|  0%| F|  |TAMS 0x0000000084000000, 0x0000000084000000| Untracked 
|  15|0x0000000084100000, 0x0000000084100000, 0x0000000084200000|  0%| F|  |TAMS 0x0000000084100000, 0x0000000084100000| Untracked 
|  16|0x0000000084200000, 0x0000000084200000, 0x0000000084300000|  0%| F|  |TAMS 0x0000000084200000, 0x0000000084200000| Untracked 
|  17|0x0000000084300000, 0x0000000084300000, 0x0000000084400000|  0%| F|  |TAMS 0x0000000084300000, 0x0000000084300000| Untracked 
|  18|0x0000000084400000, 0x0000000084400000, 0x0000000084500000|  0%| F|  |TAMS 0x0000000084400000, 0x0000000084400000| Untracked 
|  19|0x0000000084500000, 0x0000000084500000, 0x0000000084600000|  0%| F|  |TAMS 0x0000000084500000, 0x0000000084500000| Untracked 
|  20|0x0000000084600000, 0x0000000084600000, 0x0000000084700000|  0%| F|  |TAMS 0x0000000084600000, 0x0000000084600000| Untracked 
|  21|0x0000000084700000, 0x0000000084700000, 0x0000000084800000|  0%| F|  |TAMS 0x0000000084700000, 0x0000000084700000| Untracked 
|  22|0x0000000084800000, 0x0000000084800000, 0x0000000084900000|  0%| F|  |TAMS 0x0000000084800000, 0x0000000084800000| Untracked 
|  23|0x0000000084900000, 0x0000000084900000, 0x0000000084a00000|  0%| F|  |TAMS 0x0000000084900000, 0x0000000084900000| Untracked 
|  24|0x0000000084a00000, 0x0000000084a00000, 0x0000000084b00000|  0%| F|  |TAMS 0x0000000084a00000, 0x0000000084a00000| Untracked 
|  25|0x0000000084b00000, 0x0000000084b00000, 0x0000000084c00000|  0%| F|  |TAMS 0x0000000084b00000, 0x0000000084b00000| Untracked 
|  26|0x0000000084c00000, 0x0000000084c00000, 0x0000000084d00000|  0%| F|  |TAMS 0x0000000084c00000, 0x0000000084c00000| Untracked 
|  27|0x0000000084d00000, 0x0000000084d00000, 0x0000000084e00000|  0%| F|  |TAMS 0x0000000084d00000, 0x0000000084d00000| Untracked 
|  28|0x0000000084e00000, 0x0000000084e00000, 0x0000000084f00000|  0%| F|  |TAMS 0x0000000084e00000, 0x0000000084e00000| Untracked 
|  29|0x0000000084f00000, 0x0000000084f00000, 0x0000000085000000|  0%| F|  |TAMS 0x0000000084f00000, 0x0000000084f00000| Untracked 
|  30|0x0000000085000000, 0x0000000085000000, 0x0000000085100000|  0%| F|  |TAMS 0x0000000085000000, 0x0000000085000000| Untracked 
|  31|0x0000000085100000, 0x0000000085100000, 0x0000000085200000|  0%| F|  |TAMS 0x0000000085100000, 0x0000000085100000| Untracked 
|  32|0x0000000085200000, 0x0000000085200000, 0x0000000085300000|  0%| F|  |TAMS 0x0000000085200000, 0x0000000085200000| Untracked 
|  33|0x0000000085300000, 0x0000000085300000, 0x0000000085400000|  0%| F|  |TAMS 0x0000000085300000, 0x0000000085300000| Untracked 
|  34|0x0000000085400000, 0x0000000085400000, 0x0000000085500000|  0%| F|  |TAMS 0x0000000085400000, 0x0000000085400000| Untracked 
|  35|0x0000000085500000, 0x0000000085500000, 0x0000000085600000|  0%| F|  |TAMS 0x0000000085500000, 0x0000000085500000| Untracked 
|  36|0x0000000085600000, 0x0000000085600000, 0x0000000085700000|  0%| F|  |TAMS 0x0000000085600000, 0x0000000085600000| Untracked 
|  37|0x0000000085700000, 0x0000000085700000, 0x0000000085800000|  0%| F|  |TAMS 0x0000000085700000, 0x0000000085700000| Untracked 
|  38|0x0000000085800000, 0x0000000085800000, 0x0000000085900000|  0%| F|  |TAMS 0x0000000085800000, 0x0000000085800000| Untracked 
|  39|0x0000000085900000, 0x0000000085900000, 0x0000000085a00000|  0%| F|  |TAMS 0x0000000085900000, 0x0000000085900000| Untracked 
|  40|0x0000000085a00000, 0x0000000085a00000, 0x0000000085b00000|  0%| F|  |TAMS 0x0000000085a00000, 0x0000000085a00000| Untracked 
|  41|0x0000000085b00000, 0x0000000085b00000, 0x0000000085c00000|  0%| F|  |TAMS 0x0000000085b00000, 0x0000000085b00000| Untracked 
|  42|0x0000000085c00000, 0x0000000085c00000, 0x0000000085d00000|  0%| F|  |TAMS 0x0000000085c00000, 0x0000000085c00000| Untracked 
|  43|0x0000000085d00000, 0x0000000085d00000, 0x0000000085e00000|  0%| F|  |TAMS 0x0000000085d00000, 0x0000000085d00000| Untracked 
|  44|0x0000000085e00000, 0x0000000085e00000, 0x0000000085f00000|  0%| F|  |TAMS 0x0000000085e00000, 0x0000000085e00000| Untracked 
|  45|0x0000000085f00000, 0x0000000085f00000, 0x0000000086000000|  0%| F|  |TAMS 0x0000000085f00000, 0x0000000085f00000| Untracked 
|  46|0x0000000086000000, 0x0000000086000000, 0x0000000086100000|  0%| F|  |TAMS 0x0000000086000000, 0x0000000086000000| Untracked 
|  47|0x0000000086100000, 0x0000000086100000, 0x0000000086200000|  0%| F|  |TAMS 0x0000000086100000, 0x0000000086100000| Untracked 
|  48|0x0000000086200000, 0x0000000086200000, 0x0000000086300000|  0%| F|  |TAMS 0x0000000086200000, 0x0000000086200000| Untracked 
|  49|0x0000000086300000, 0x0000000086300000, 0x0000000086400000|  0%| F|  |TAMS 0x0000000086300000, 0x0000000086300000| Untracked 
|  50|0x0000000086400000, 0x0000000086400000, 0x0000000086500000|  0%| F|  |TAMS 0x0000000086400000, 0x0000000086400000| Untracked 
|  51|0x0000000086500000, 0x0000000086500000, 0x0000000086600000|  0%| F|  |TAMS 0x0000000086500000, 0x0000000086500000| Untracked 
|  52|0x0000000086600000, 0x0000000086600000, 0x0000000086700000|  0%| F|  |TAMS 0x0000000086600000, 0x0000000086600000| Untracked 
|  53|0x0000000086700000, 0x0000000086700000, 0x0000000086800000|  0%| F|  |TAMS 0x0000000086700000, 0x0000000086700000| Untracked 
|  54|0x0000000086800000, 0x0000000086800000, 0x0000000086900000|  0%| F|  |TAMS 0x0000000086800000, 0x0000000086800000| Untracked 
|  55|0x0000000086900000, 0x0000000086900000, 0x0000000086a00000|  0%| F|  |TAMS 0x0000000086900000, 0x0000000086900000| Untracked 
|  56|0x0000000086a00000, 0x0000000086a00000, 0x0000000086b00000|  0%| F|  |TAMS 0x0000000086a00000, 0x0000000086a00000| Untracked 
|  57|0x0000000086b00000, 0x0000000086b00000, 0x0000000086c00000|  0%| F|  |TAMS 0x0000000086b00000, 0x0000000086b00000| Untracked 
|  58|0x0000000086c00000, 0x0000000086c00000, 0x0000000086d00000|  0%| F|  |TAMS 0x0000000086c00000, 0x0000000086c00000| Untracked 
|  59|0x0000000086d00000, 0x0000000086d00000, 0x0000000086e00000|  0%| F|  |TAMS 0x0000000086d00000, 0x0000000086d00000| Untracked 
|  60|0x0000000086e00000, 0x0000000086e00000, 0x0000000086f00000|  0%| F|  |TAMS 0x0000000086e00000, 0x0000000086e00000| Untracked 
|  61|0x0000000086f00000, 0x0000000086f00000, 0x0000000087000000|  0%| F|  |TAMS 0x0000000086f00000, 0x0000000086f00000| Untracked 
|  62|0x0000000087000000, 0x0000000087000000, 0x0000000087100000|  0%| F|  |TAMS 0x0000000087000000, 0x0000000087000000| Untracked 
|  63|0x0000000087100000, 0x0000000087100000, 0x0000000087200000|  0%| F|  |TAMS 0x0000000087100000, 0x0000000087100000| Untracked 
|  64|0x0000000087200000, 0x0000000087200000, 0x0000000087300000|  0%| F|  |TAMS 0x0000000087200000, 0x0000000087200000| Untracked 
|  65|0x0000000087300000, 0x0000000087300000, 0x0000000087400000|  0%| F|  |TAMS 0x0000000087300000, 0x0000000087300000| Untracked 
|  66|0x0000000087400000, 0x0000000087400000, 0x0000000087500000|  0%| F|  |TAMS 0x0000000087400000, 0x0000000087400000| Untracked 
|  67|0x0000000087500000, 0x0000000087500000, 0x0000000087600000|  0%| F|  |TAMS 0x0000000087500000, 0x0000000087500000| Untracked 
|  68|0x0000000087600000, 0x0000000087600000, 0x0000000087700000|  0%| F|  |TAMS 0x0000000087600000, 0x0000000087600000| Untracked 
|  69|0x0000000087700000, 0x0000000087700000, 0x0000000087800000|  0%| F|  |TAMS 0x0000000087700000, 0x0000000087700000| Untracked 
|  70|0x0000000087800000, 0x0000000087800000, 0x0000000087900000|  0%| F|  |TAMS 0x0000000087800000, 0x0000000087800000| Untracked 
|  71|0x0000000087900000, 0x0000000087900000, 0x0000000087a00000|  0%| F|  |TAMS 0x0000000087900000, 0x0000000087900000| Untracked 
|  72|0x0000000087a00000, 0x0000000087a00000, 0x0000000087b00000|  0%| F|  |TAMS 0x0000000087a00000, 0x0000000087a00000| Untracked 
|  73|0x0000000087b00000, 0x0000000087b57f00, 0x0000000087c00000| 34%| S|CS|TAMS 0x0000000087b00000, 0x0000000087b00000| Complete 
|  74|0x0000000087c00000, 0x0000000087d00000, 0x0000000087d00000|100%| S|CS|TAMS 0x0000000087c00000, 0x0000000087c00000| Complete 
|  75|0x0000000087d00000, 0x0000000087e00000, 0x0000000087e00000|100%| S|CS|TAMS 0x0000000087d00000, 0x0000000087d00000| Complete 
|  76|0x0000000087e00000, 0x0000000087f00000, 0x0000000087f00000|100%| S|CS|TAMS 0x0000000087e00000, 0x0000000087e00000| Complete 
|  77|0x0000000087f00000, 0x0000000088000000, 0x0000000088000000|100%| S|CS|TAMS 0x0000000087f00000, 0x0000000087f00000| Complete 
|  78|0x0000000088000000, 0x0000000088000000, 0x0000000088100000|  0%| F|  |TAMS 0x0000000088000000, 0x0000000088000000| Untracked 
|  79|0x0000000088100000, 0x0000000088100000, 0x0000000088200000|  0%| F|  |TAMS 0x0000000088100000, 0x0000000088100000| Untracked 
|  80|0x0000000088200000, 0x0000000088200000, 0x0000000088300000|  0%| F|  |TAMS 0x0000000088200000, 0x0000000088200000| Untracked 
|  81|0x0000000088300000, 0x0000000088300000, 0x0000000088400000|  0%| F|  |TAMS 0x0000000088300000, 0x0000000088300000| Untracked 
|  82|0x0000000088400000, 0x0000000088400000, 0x0000000088500000|  0%| F|  |TAMS 0x0000000088400000, 0x0000000088400000| Untracked 
|  83|0x0000000088500000, 0x0000000088500000, 0x0000000088600000|  0%| F|  |TAMS 0x0000000088500000, 0x0000000088500000| Untracked 
|  84|0x0000000088600000, 0x0000000088600000, 0x0000000088700000|  0%| F|  |TAMS 0x0000000088600000, 0x0000000088600000| Untracked 
|  85|0x0000000088700000, 0x0000000088700000, 0x0000000088800000|  0%| F|  |TAMS 0x0000000088700000, 0x0000000088700000| Untracked 
|  86|0x0000000088800000, 0x0000000088800000, 0x0000000088900000|  0%| F|  |TAMS 0x0000000088800000, 0x0000000088800000| Untracked 
|  87|0x0000000088900000, 0x0000000088900000, 0x0000000088a00000|  0%| F|  |TAMS 0x0000000088900000, 0x0000000088900000| Untracked 
|  88|0x0000000088a00000, 0x0000000088a00000, 0x0000000088b00000|  0%| F|  |TAMS 0x0000000088a00000, 0x0000000088a00000| Untracked 
|  89|0x0000000088b00000, 0x0000000088b00000, 0x0000000088c00000|  0%| F|  |TAMS 0x0000000088b00000, 0x0000000088b00000| Untracked 
|  90|0x0000000088c00000, 0x0000000088c00000, 0x0000000088d00000|  0%| F|  |TAMS 0x0000000088c00000, 0x0000000088c00000| Untracked 
|  91|0x0000000088d00000, 0x0000000088d00000, 0x0000000088e00000|  0%| F|  |TAMS 0x0000000088d00000, 0x0000000088d00000| Untracked 
|  92|0x0000000088e00000, 0x0000000088e00000, 0x0000000088f00000|  0%| F|  |TAMS 0x0000000088e00000, 0x0000000088e00000| Untracked 
|  93|0x0000000088f00000, 0x0000000088f00000, 0x0000000089000000|  0%| F|  |TAMS 0x0000000088f00000, 0x0000000088f00000| Untracked 
|  94|0x0000000089000000, 0x0000000089000000, 0x0000000089100000|  0%| F|  |TAMS 0x0000000089000000, 0x0000000089000000| Untracked 
|  95|0x0000000089100000, 0x0000000089100000, 0x0000000089200000|  0%| F|  |TAMS 0x0000000089100000, 0x0000000089100000| Untracked 
|  96|0x0000000089200000, 0x0000000089200000, 0x0000000089300000|  0%| F|  |TAMS 0x0000000089200000, 0x0000000089200000| Untracked 
|  97|0x0000000089300000, 0x0000000089300000, 0x0000000089400000|  0%| F|  |TAMS 0x0000000089300000, 0x0000000089300000| Untracked 
|  98|0x0000000089400000, 0x0000000089400000, 0x0000000089500000|  0%| F|  |TAMS 0x0000000089400000, 0x0000000089400000| Untracked 
|  99|0x0000000089500000, 0x0000000089500000, 0x0000000089600000|  0%| F|  |TAMS 0x0000000089500000, 0x0000000089500000| Untracked 
| 100|0x0000000089600000, 0x0000000089600000, 0x0000000089700000|  0%| F|  |TAMS 0x0000000089600000, 0x0000000089600000| Untracked 
| 101|0x0000000089700000, 0x0000000089700000, 0x0000000089800000|  0%| F|  |TAMS 0x0000000089700000, 0x0000000089700000| Untracked 
| 102|0x0000000089800000, 0x0000000089800000, 0x0000000089900000|  0%| F|  |TAMS 0x0000000089800000, 0x0000000089800000| Untracked 
| 103|0x0000000089900000, 0x0000000089900000, 0x0000000089a00000|  0%| F|  |TAMS 0x0000000089900000, 0x0000000089900000| Untracked 
| 104|0x0000000089a00000, 0x0000000089a00000, 0x0000000089b00000|  0%| F|  |TAMS 0x0000000089a00000, 0x0000000089a00000| Untracked 
| 105|0x0000000089b00000, 0x0000000089b00000, 0x0000000089c00000|  0%| F|  |TAMS 0x0000000089b00000, 0x0000000089b00000| Untracked 
| 106|0x0000000089c00000, 0x0000000089c00000, 0x0000000089d00000|  0%| F|  |TAMS 0x0000000089c00000, 0x0000000089c00000| Untracked 
| 107|0x0000000089d00000, 0x0000000089d00000, 0x0000000089e00000|  0%| F|  |TAMS 0x0000000089d00000, 0x0000000089d00000| Untracked 
| 108|0x0000000089e00000, 0x0000000089e00000, 0x0000000089f00000|  0%| F|  |TAMS 0x0000000089e00000, 0x0000000089e00000| Untracked 
| 109|0x0000000089f00000, 0x0000000089f00000, 0x000000008a000000|  0%| F|  |TAMS 0x0000000089f00000, 0x0000000089f00000| Untracked 
| 110|0x000000008a000000, 0x000000008a000000, 0x000000008a100000|  0%| F|  |TAMS 0x000000008a000000, 0x000000008a000000| Untracked 
| 111|0x000000008a100000, 0x000000008a100000, 0x000000008a200000|  0%| F|  |TAMS 0x000000008a100000, 0x000000008a100000| Untracked 
| 112|0x000000008a200000, 0x000000008a200000, 0x000000008a300000|  0%| F|  |TAMS 0x000000008a200000, 0x000000008a200000| Untracked 
| 113|0x000000008a300000, 0x000000008a380800, 0x000000008a400000| 50%| E|  |TAMS 0x000000008a300000, 0x000000008a300000| Complete 
| 114|0x000000008a400000, 0x000000008a500000, 0x000000008a500000|100%| E|CS|TAMS 0x000000008a400000, 0x000000008a400000| Complete 
| 115|0x000000008a500000, 0x000000008a600000, 0x000000008a600000|100%| E|CS|TAMS 0x000000008a500000, 0x000000008a500000| Complete 
| 116|0x000000008a600000, 0x000000008a700000, 0x000000008a700000|100%| E|CS|TAMS 0x000000008a600000, 0x000000008a600000| Complete 
| 117|0x000000008a700000, 0x000000008a800000, 0x000000008a800000|100%| E|CS|TAMS 0x000000008a700000, 0x000000008a700000| Complete 
| 118|0x000000008a800000, 0x000000008a900000, 0x000000008a900000|100%| E|CS|TAMS 0x000000008a800000, 0x000000008a800000| Complete 
| 119|0x000000008a900000, 0x000000008aa00000, 0x000000008aa00000|100%| E|CS|TAMS 0x000000008a900000, 0x000000008a900000| Complete 
| 120|0x000000008aa00000, 0x000000008ab00000, 0x000000008ab00000|100%| E|CS|TAMS 0x000000008aa00000, 0x000000008aa00000| Complete 
| 121|0x000000008ab00000, 0x000000008ac00000, 0x000000008ac00000|100%| E|CS|TAMS 0x000000008ab00000, 0x000000008ab00000| Complete 
| 122|0x000000008ac00000, 0x000000008ad00000, 0x000000008ad00000|100%| E|CS|TAMS 0x000000008ac00000, 0x000000008ac00000| Complete 
| 123|0x000000008ad00000, 0x000000008ae00000, 0x000000008ae00000|100%| E|CS|TAMS 0x000000008ad00000, 0x000000008ad00000| Complete 
| 124|0x000000008ae00000, 0x000000008af00000, 0x000000008af00000|100%| E|CS|TAMS 0x000000008ae00000, 0x000000008ae00000| Complete 
| 125|0x000000008af00000, 0x000000008b000000, 0x000000008b000000|100%| E|CS|TAMS 0x000000008af00000, 0x000000008af00000| Complete 

Card table byte_map: [0x000001e9367f0000,0x000001e936be0000] _byte_map_base: 0x000001e9363d7000

Marking Bits (Prev, Next): (CMBitMap*) 0x000001e91fd78880, (CMBitMap*) 0x000001e91fd78848
 Prev Bits: [0x000001e938f10000, 0x000001e93ae48000)
 Next Bits: [0x000001e936fd0000, 0x000001e938f08000)

Polling page: 0x000001e91dd50000

Metaspace:

Usage:
  Non-class:     26.64 MB capacity,    26.18 MB ( 98%) used,   387.30 KB (  1%) free+waste,    86.56 KB ( <1%) overhead. 
      Class:      3.69 MB capacity,     3.36 MB ( 91%) used,   285.56 KB (  8%) free+waste,    44.56 KB (  1%) overhead. 
       Both:     30.33 MB capacity,    29.55 MB ( 97%) used,   672.87 KB (  2%) free+waste,   131.12 KB ( <1%) overhead. 

Virtual space:
  Non-class space:       28.00 MB reserved,      26.75 MB ( 96%) committed 
      Class space:        1.00 GB reserved,       3.75 MB ( <1%) committed 
             Both:        1.03 GB reserved,      30.50 MB (  3%) committed 

Chunk freelists:
   Non-Class:  5.50 KB
       Class:  128 bytes
        Both:  5.62 KB

CodeHeap 'non-profiled nmethods': size=120064Kb used=1077Kb max_used=1077Kb free=118986Kb
 bounds [0x000001e92eec0000, 0x000001e92f130000, 0x000001e936400000]
CodeHeap 'profiled nmethods': size=120000Kb used=5783Kb max_used=5783Kb free=114216Kb
 bounds [0x000001e927990000, 0x000001e927f40000, 0x000001e92eec0000]
CodeHeap 'non-nmethods': size=5696Kb used=1125Kb max_used=1159Kb free=4570Kb
 bounds [0x000001e927400000, 0x000001e927670000, 0x000001e927990000]
 total_blobs=3252 nmethods=2791 adapters=373
 compilation: enabled
              stopped_count=0, restarted_count=0
 full_count=0

Compilation events (10 events):
Event: 6.997 Thread 0x000001e93dd09000 nmethod 2774 0x000001e927f27890 code [0x000001e927f27a80, 0x000001e927f282d8]
Event: 6.997 Thread 0x000001e93dd09000 2773       3       org.springframework.beans.factory.support.DefaultListableBeanFactory::requiresEagerInitForType (26 bytes)
Event: 6.997 Thread 0x000001e93dd09000 nmethod 2773 0x000001e927f28510 code [0x000001e927f286e0, 0x000001e927f28b18]
Event: 7.000 Thread 0x000001e93d356800 nmethod 2775 0x000001e92efcc710 code [0x000001e92efcc880, 0x000001e92efccab8]
Event: 7.000 Thread 0x000001e93d356800 2776       4       java.util.Collections::emptySet (4 bytes)
Event: 7.000 Thread 0x000001e93d356800 nmethod 2776 0x000001e92efccb90 code [0x000001e92efccd00, 0x000001e92efccd58]
Event: 7.001 Thread 0x000001e93dd09000 2777       1       org.springframework.beans.factory.support.AbstractBeanDefinition::getFactoryMethodName (5 bytes)
Event: 7.002 Thread 0x000001e93dd09000 nmethod 2777 0x000001e92efcce10 code [0x000001e92efccfa0, 0x000001e92efcd058]
Event: 7.004 Thread 0x000001e93dd09000 2778       3       org.springframework.core.annotation.MergedAnnotationSelectors$FirstDirectlyDeclared::isBestCandidate (15 bytes)
Event: 7.004 Thread 0x000001e93dd09000 nmethod 2778 0x000001e927f28c10 code [0x000001e927f28dc0, 0x000001e927f28fe8]

GC Heap History (10 events):
Event: 2.068 GC heap before
{Heap before GC invocations=0 (full 0):
 garbage-first heap   total 129024K, used 14336K [0x0000000083200000, 0x0000000100000000)
  region size 1024K, 14 young (14336K), 0 survivors (0K)
 Metaspace       used 13431K, capacity 13680K, committed 13952K, reserved 1062912K
  class space    used 1299K, capacity 1377K, committed 1408K, reserved 1048576K
}
Event: 2.082 GC heap after
{Heap after GC invocations=1 (full 0):
 garbage-first heap   total 129024K, used 6866K [0x0000000083200000, 0x0000000100000000)
  region size 1024K, 2 young (2048K), 2 survivors (2048K)
 Metaspace       used 13431K, capacity 13680K, committed 13952K, reserved 1062912K
  class space    used 1299K, capacity 1377K, committed 1408K, reserved 1048576K
}
Event: 2.340 GC heap before
{Heap before GC invocations=1 (full 0):
 garbage-first heap   total 129024K, used 10962K [0x0000000083200000, 0x0000000100000000)
  region size 1024K, 6 young (6144K), 2 survivors (2048K)
 Metaspace       used 14242K, capacity 14531K, committed 14592K, reserved 1062912K
  class space    used 1397K, capacity 1493K, committed 1536K, reserved 1048576K
}
Event: 2.346 GC heap after
{Heap after GC invocations=2 (full 0):
 garbage-first heap   total 129024K, used 7441K [0x0000000083200000, 0x0000000100000000)
  region size 1024K, 1 young (1024K), 1 survivors (1024K)
 Metaspace       used 14242K, capacity 14531K, committed 14592K, reserved 1062912K
  class space    used 1397K, capacity 1493K, committed 1536K, reserved 1048576K
}
Event: 3.973 GC heap before
{Heap before GC invocations=2 (full 0):
 garbage-first heap   total 129024K, used 24849K [0x0000000083200000, 0x0000000100000000)
  region size 1024K, 18 young (18432K), 1 survivors (1024K)
 Metaspace       used 19529K, capacity 20061K, committed 20352K, reserved 1067008K
  class space    used 2102K, capacity 2306K, committed 2432K, reserved 1048576K
}
Event: 3.979 GC heap after
{Heap after GC invocations=3 (full 0):
 garbage-first heap   total 129024K, used 8680K [0x0000000083200000, 0x0000000100000000)
  region size 1024K, 2 young (2048K), 2 survivors (2048K)
 Metaspace       used 19529K, capacity 20061K, committed 20352K, reserved 1067008K
  class space    used 2102K, capacity 2306K, committed 2432K, reserved 1048576K
}
Event: 4.341 GC heap before
{Heap before GC invocations=3 (full 0):
 garbage-first heap   total 129024K, used 14824K [0x0000000083200000, 0x0000000100000000)
  region size 1024K, 9 young (9216K), 2 survivors (2048K)
 Metaspace       used 20602K, capacity 21148K, committed 21248K, reserved 1069056K
  class space    used 2270K, capacity 2493K, committed 2560K, reserved 1048576K
}
Event: 4.347 GC heap after
{Heap after GC invocations=4 (full 0):
 garbage-first heap   total 129024K, used 9216K [0x0000000083200000, 0x0000000100000000)
  region size 1024K, 2 young (2048K), 2 survivors (2048K)
 Metaspace       used 20602K, capacity 21148K, committed 21248K, reserved 1069056K
  class space    used 2270K, capacity 2493K, committed 2560K, reserved 1048576K
}
Event: 6.406 GC heap before
{Heap before GC invocations=5 (full 0):
 garbage-first heap   total 129024K, used 55296K [0x0000000083200000, 0x0000000100000000)
  region size 1024K, 48 young (49152K), 2 survivors (2048K)
 Metaspace       used 29001K, capacity 29745K, committed 30080K, reserved 1075200K
  class space    used 3293K, capacity 3596K, committed 3712K, reserved 1048576K
}
Event: 6.425 GC heap after
{Heap after GC invocations=6 (full 0):
 garbage-first heap   total 129024K, used 11615K [0x0000000083200000, 0x0000000100000000)
  region size 1024K, 5 young (5120K), 5 survivors (5120K)
 Metaspace       used 29001K, capacity 29745K, committed 30080K, reserved 1075200K
  class space    used 3293K, capacity 3596K, committed 3712K, reserved 1048576K
}

Deoptimization events (10 events):
Event: 6.147 Thread 0x000001e91fd3a800 Uncommon trap: reason=unstable_if action=reinterpret pc=0x000001e92ef5a9bc method=org.springframework.boot.context.properties.source.ConfigurationPropertyName$ElementsParser.add(IILorg/springframework/boot/context/properties/source/ConfigurationPropertyNa
Event: 6.364 Thread 0x000001e91fd3a800 Uncommon trap: reason=bimorphic_or_optimized_type_check action=maybe_recompile pc=0x000001e92ef382ec method=java.util.HashMap.putVal(ILjava/lang/Object;Ljava/lang/Object;ZZ)Ljava/lang/Object; @ 203 c2
Event: 6.365 Thread 0x000001e91fd3a800 Uncommon trap: reason=bimorphic_or_optimized_type_check action=maybe_recompile pc=0x000001e92ef48374 method=java.util.HashMap.putVal(ILjava/lang/Object;Ljava/lang/Object;ZZ)Ljava/lang/Object; @ 203 c2
Event: 6.656 Thread 0x000001e91fd3a800 Uncommon trap: reason=intrinsic_or_type_checked_inlining action=make_not_entrant pc=0x000001e92efbcee8 method=java.util.Arrays.copyOf([Ljava/lang/Object;ILjava/lang/Class;)[Ljava/lang/Object; @ 35 c2
Event: 6.826 Thread 0x000001e91fd3a800 Uncommon trap: reason=intrinsic_or_type_checked_inlining action=make_not_entrant pc=0x000001e92efc4e64 method=java.util.ArrayList.toArray([Ljava/lang/Object;)[Ljava/lang/Object; @ 36 c2
Event: 6.849 Thread 0x000001e91fd3a800 Uncommon trap: reason=class_check action=maybe_recompile pc=0x000001e92eec9744 method=java.lang.String.equals(Ljava/lang/Object;)Z @ 8 c2
Event: 6.849 Thread 0x000001e91fd3a800 Uncommon trap: reason=class_check action=maybe_recompile pc=0x000001e92eec9744 method=java.lang.String.equals(Ljava/lang/Object;)Z @ 8 c2
Event: 6.849 Thread 0x000001e91fd3a800 Uncommon trap: reason=class_check action=maybe_recompile pc=0x000001e92eec9744 method=java.lang.String.equals(Ljava/lang/Object;)Z @ 8 c2
Event: 6.852 Thread 0x000001e91fd3a800 Uncommon trap: reason=class_check action=maybe_recompile pc=0x000001e92efc6594 method=java.lang.String.equals(Ljava/lang/Object;)Z @ 8 c2
Event: 6.852 Thread 0x000001e91fd3a800 Uncommon trap: reason=class_check action=maybe_recompile pc=0x000001e92eec9744 method=java.lang.String.equals(Ljava/lang/Object;)Z @ 8 c2

Classes redefined (0 events):
No events

Internal exceptions (10 events):
Event: 5.008 Thread 0x000001e91fd3a800 Exception <a 'java/lang/ClassNotFoundException'{0x00000000894697b8}: org/springframework/context/EnvironmentAwareCustomizer> (0x00000000894697b8) thrown at [./open/src/hotspot/share/classfile/systemDictionary.cpp, line 226]
Event: 5.010 Thread 0x000001e91fd3a800 Exception <a 'java/lang/ClassNotFoundException'{0x0000000089474ef8}: org/springframework/beans/factory/AwareCustomizer> (0x0000000089474ef8) thrown at [./open/src/hotspot/share/classfile/systemDictionary.cpp, line 226]
Event: 5.063 Thread 0x000001e93fc42000 Exception <a 'java/lang/NoSuchMethodError'{0x00000000892939d8}: 'long java.lang.invoke.DirectMethodHandle$Holder.invokeStatic(java.lang.Object, java.lang.Object)'> (0x00000000892939d8) thrown at [./open/src/hotspot/share/interpreter/linkResolver.cpp, line
Event: 5.063 Thread 0x000001e93fc42000 Exception <a 'java/lang/NoSuchMethodError'{0x0000000089296970}: 'long java.lang.invoke.DirectMethodHandle$Holder.invokeStaticInit(java.lang.Object, java.lang.Object)'> (0x0000000089296970) thrown at [./open/src/hotspot/share/interpreter/linkResolver.cpp, 
Event: 5.067 Thread 0x000001e93fc42000 Exception <a 'java/lang/NoSuchMethodError'{0x00000000892a2e30}: 'long java.lang.invoke.DirectMethodHandle$Holder.invokeInterface(java.lang.Object, java.lang.Object)'> (0x00000000892a2e30) thrown at [./open/src/hotspot/share/interpreter/linkResolver.cpp, l
Event: 5.068 Thread 0x000001e93fc42000 Exception <a 'java/lang/IncompatibleClassChangeError'{0x00000000892a5bc8}: Found class java.lang.Object, but interface was expected> (0x00000000892a5bc8) thrown at [./open/src/hotspot/share/interpreter/linkResolver.cpp, line 839]
Event: 5.092 Thread 0x000001e93fc42000 Exception <a 'java/lang/NoSuchMethodError'{0x00000000891a7830}: 'java.lang.Object java.lang.invoke.DirectMethodHandle$Holder.invokeVirtual(java.lang.Object, java.lang.Object, java.lang.Object, java.lang.Object)'> (0x00000000891a7830) thrown at [./open/src
Event: 5.561 Thread 0x000001e91fd3a800 Exception <a 'java/lang/IncompatibleClassChangeError'{0x00000000888c66b8}: Found class java.lang.Object, but interface was expected> (0x00000000888c66b8) thrown at [./open/src/hotspot/share/interpreter/linkResolver.cpp, line 839]
Event: 5.706 Thread 0x000001e91fd3a800 Exception <a 'java/lang/NoSuchMethodError'{0x000000008863d208}: 'void java.lang.invoke.DirectMethodHandle$Holder.invokeInterface(java.lang.Object, java.lang.Object, java.lang.Object, java.lang.Object)'> (0x000000008863d208) thrown at [./open/src/hotspot/s
Event: 6.119 Thread 0x000001e91fd3a800 Exception <a 'java/lang/NoSuchMethodError'{0x00000000882ab8a8}: 'void java.lang.invoke.DelegatingMethodHandle$Holder.delegate(java.lang.Object, java.lang.Object, int, java.lang.Object)'> (0x00000000882ab8a8) thrown at [./open/src/hotspot/share/interpreter

Events (10 events):
Event: 7.007 loading class org/springframework/web/servlet/HandlerExceptionResolver
Event: 7.007 loading class org/springframework/web/servlet/HandlerExceptionResolver done
Event: 7.008 loading class org/springframework/boot/autoconfigure/web/servlet/error/ErrorMvcAutoConfiguration$ErrorPageCustomizer
Event: 7.008 loading class org/springframework/boot/autoconfigure/web/servlet/error/ErrorMvcAutoConfiguration$ErrorPageCustomizer done
Event: 7.008 loading class org/springframework/boot/web/server/ErrorPageRegistrar
Event: 7.008 loading class org/springframework/boot/web/server/ErrorPageRegistrar done
Event: 7.009 loading class org/springframework/boot/autoconfigure/web/servlet/error/BasicErrorController
Event: 7.009 loading class org/springframework/boot/autoconfigure/web/servlet/error/BasicErrorController done
Event: 7.009 loading class org/springframework/boot/autoconfigure/web/servlet/error/AbstractErrorController
Event: 7.009 loading class org/springframework/boot/autoconfigure/web/servlet/error/AbstractErrorController done


Dynamic libraries:
0x00007ff6c56d0000 - 0x00007ff6c56e0000 	C:\Program Files\Java\jdk-11\bin\java.exe
0x00007ffafe430000 - 0x00007ffafe626000 	C:\Windows\SYSTEM32\ntdll.dll
0x00007ffafc770000 - 0x00007ffafc82d000 	C:\Windows\System32\KERNEL32.DLL
0x00007ffafbeb0000 - 0x00007ffafc178000 	C:\Windows\System32\KERNELBASE.dll
0x00007ffafbcd0000 - 0x00007ffafbdd0000 	C:\Windows\System32\ucrtbase.dll
0x00007ffaebe50000 - 0x00007ffaebe69000 	C:\Program Files\Java\jdk-11\bin\jli.dll
0x00007ffae8470000 - 0x00007ffae848b000 	C:\Program Files\Java\jdk-11\bin\VCRUNTIME140.dll
0x00007ffafd5a0000 - 0x00007ffafd64a000 	C:\Windows\System32\ADVAPI32.dll
0x00007ffafdd80000 - 0x00007ffafde1e000 	C:\Windows\System32\msvcrt.dll
0x00007ffafc890000 - 0x00007ffafc92b000 	C:\Windows\System32\sechost.dll
0x00007ffafd700000 - 0x00007ffafd824000 	C:\Windows\System32\RPCRT4.dll
0x00007ffafd900000 - 0x00007ffafdaa0000 	C:\Windows\System32\USER32.dll
0x00007ffafc180000 - 0x00007ffafc1a2000 	C:\Windows\System32\win32u.dll
0x00007ffafd8a0000 - 0x00007ffafd8ca000 	C:\Windows\System32\GDI32.dll
0x00007ffafbbc0000 - 0x00007ffafbcc9000 	C:\Windows\System32\gdi32full.dll
0x00007ffafc260000 - 0x00007ffafc2fd000 	C:\Windows\System32\msvcp_win.dll
0x00007ffaecad0000 - 0x00007ffaecd6b000 	C:\Windows\WinSxS\amd64_microsoft.windows.common-controls_6595b64144ccf1df_6.0.19041.488_none_ca04af081b815d21\COMCTL32.dll
0x00007ffaea930000 - 0x00007ffaea93a000 	C:\Windows\SYSTEM32\VERSION.dll
0x00007ffafc740000 - 0x00007ffafc770000 	C:\Windows\System32\IMM32.DLL
0x00007ffae8460000 - 0x00007ffae846c000 	C:\Program Files\Java\jdk-11\bin\vcruntime140_1.dll
0x00007ffacd5b0000 - 0x00007ffacd63e000 	C:\Program Files\Java\jdk-11\bin\msvcp140.dll
0x00007ffac0380000 - 0x00007ffac0ee3000 	C:\Program Files\Java\jdk-11\bin\server\jvm.dll
0x00007ffafde20000 - 0x00007ffafde28000 	C:\Windows\System32\PSAPI.DLL
0x00007ffae8eb0000 - 0x00007ffae8eb9000 	C:\Windows\SYSTEM32\WSOCK32.dll
0x00007ffafd830000 - 0x00007ffafd89b000 	C:\Windows\System32\WS2_32.dll
0x00007ffaea8e0000 - 0x00007ffaea907000 	C:\Windows\SYSTEM32\WINMM.dll
0x00007ffaf9b10000 - 0x00007ffaf9b22000 	C:\Windows\SYSTEM32\kernel.appcore.dll
0x00007ffae8450000 - 0x00007ffae8460000 	C:\Program Files\Java\jdk-11\bin\verify.dll
0x00007ffaf2990000 - 0x00007ffaf2b74000 	C:\Windows\SYSTEM32\DBGHELP.DLL
0x00007ffae6100000 - 0x00007ffae612c000 	C:\Windows\SYSTEM32\dbgcore.DLL
0x00007ffafc460000 - 0x00007ffafc4df000 	C:\Windows\System32\bcryptPrimitives.dll
0x00007ffae83c0000 - 0x00007ffae83e8000 	C:\Program Files\Java\jdk-11\bin\java.dll
0x00007ffae83b0000 - 0x00007ffae83ba000 	C:\Program Files\Java\jdk-11\bin\jimage.dll
0x00007ffae83a0000 - 0x00007ffae83ae000 	C:\Program Files\Java\jdk-11\bin\instrument.dll
0x00007ffae8380000 - 0x00007ffae8397000 	C:\Program Files\Java\jdk-11\bin\zip.dll
0x00007ffafc930000 - 0x00007ffafd070000 	C:\Windows\System32\SHELL32.dll
0x00007ffaf9d10000 - 0x00007ffafa4a4000 	C:\Windows\SYSTEM32\windows.storage.dll
0x00007ffafde30000 - 0x00007ffafe185000 	C:\Windows\System32\combase.dll
0x00007ffafb630000 - 0x00007ffafb65c000 	C:\Windows\SYSTEM32\Wldp.dll
0x00007ffafd650000 - 0x00007ffafd6fe000 	C:\Windows\System32\SHCORE.dll
0x00007ffafe190000 - 0x00007ffafe1e5000 	C:\Windows\System32\shlwapi.dll
0x00007ffafbaf0000 - 0x00007ffafbb16000 	C:\Windows\SYSTEM32\profapi.dll
0x00007ffaddd50000 - 0x00007ffaddd69000 	C:\Program Files\Java\jdk-11\bin\net.dll
0x00007ffaef140000 - 0x00007ffaef240000 	C:\Windows\SYSTEM32\WINHTTP.dll
0x00007ffafb3b0000 - 0x00007ffafb41a000 	C:\Windows\system32\mswsock.dll
0x00007ffaddbb0000 - 0x00007ffaddbc2000 	C:\Program Files\Java\jdk-11\bin\nio.dll
0x00007ffafb0a0000 - 0x00007ffafb16b000 	C:\Windows\SYSTEM32\DNSAPI.dll
0x00007ffafb050000 - 0x00007ffafb08b000 	C:\Windows\SYSTEM32\IPHLPAPI.DLL
0x00007ffafd120000 - 0x00007ffafd129000 	C:\Windows\System32\NSI.dll
0x00007ffaf4550000 - 0x00007ffaf455a000 	C:\Windows\System32\rasadhlp.dll
0x00007ffaede70000 - 0x00007ffaedeef000 	C:\Windows\System32\fwpuclnt.dll
0x00007ffafbdd0000 - 0x00007ffafbdf7000 	C:\Windows\System32\bcrypt.dll
0x00007ffae8330000 - 0x00007ffae8339000 	C:\Program Files\Java\jdk-11\bin\management.dll
0x00007ffae37a0000 - 0x00007ffae37ab000 	C:\Program Files\Java\jdk-11\bin\management_ext.dll
0x00007ffafb580000 - 0x00007ffafb598000 	C:\Windows\SYSTEM32\CRYPTSP.dll
0x00007ffafacd0000 - 0x00007ffafad04000 	C:\Windows\system32\rsaenh.dll
0x00007ffafbab0000 - 0x00007ffafbade000 	C:\Windows\SYSTEM32\USERENV.dll
0x00007ffafb5a0000 - 0x00007ffafb5ac000 	C:\Windows\SYSTEM32\CRYPTBASE.dll
0x00007ffaf1ff0000 - 0x00007ffaf2007000 	C:\Windows\SYSTEM32\dhcpcsvc6.DLL
0x00007ffaf4440000 - 0x00007ffaf445d000 	C:\Windows\SYSTEM32\dhcpcsvc.DLL
0x00007ffaf4c00000 - 0x00007ffaf4c17000 	C:\Windows\system32\napinsp.dll
0x00007ffaf4bb0000 - 0x00007ffaf4bcb000 	C:\Windows\system32\pnrpnsp.dll
0x00007ffaf6a90000 - 0x00007ffaf6aa5000 	C:\Windows\system32\wshbth.dll
0x00007ffaf7690000 - 0x00007ffaf76ad000 	C:\Windows\system32\NLAapi.dll
0x00007ffaf4ab0000 - 0x00007ffaf4ac2000 	C:\Windows\System32\winrnr.dll
0x00007ffae0a00000 - 0x00007ffae0a49000 	C:\Windows\SYSTEM32\pdh.dll
0x00007ffadb500000 - 0x00007ffadb50f000 	C:\Windows\System32\perfproc.dll
0x00007ffae2b30000 - 0x00007ffae2b3f000 	C:\Windows\System32\perfos.dll

dbghelp: loaded successfully - version: 4.0.5 - missing functions: none
symbol engine: initialized successfully - sym options: 0x614 - pdb path: .;C:\Program Files\Java\jdk-11\bin;C:\Windows\SYSTEM32;C:\Windows\WinSxS\amd64_microsoft.windows.common-controls_6595b64144ccf1df_6.0.19041.488_none_ca04af081b815d21;C:\Program Files\Java\jdk-11\bin\server

VM Arguments:
jvm_args: -javaagent:C:\Program Files\JetBrains\IntelliJ IDEA 2025.1\lib\idea_rt.jar=65006 -Dfile.encoding=UTF-8 
java_command: com.ead.authuser.AuthuserApplication
java_class_path (initial): C:\project\EAD\authuser\target\classes;C:\Users\Lenovo\.m2\repository\org\springframework\boot\spring-boot-starter-web\2.5.4\spring-boot-starter-web-2.5.4.jar;C:\Users\Lenovo\.m2\repository\org\springframework\boot\spring-boot-starter\2.5.4\spring-boot-starter-2.5.4.jar;C:\Users\Lenovo\.m2\repository\org\springframework\boot\spring-boot\2.5.4\spring-boot-2.5.4.jar;C:\Users\Lenovo\.m2\repository\org\springframework\boot\spring-boot-autoconfigure\2.5.4\spring-boot-autoconfigure-2.5.4.jar;C:\Users\Lenovo\.m2\repository\org\springframework\boot\spring-boot-starter-logging\2.5.4\spring-boot-starter-logging-2.5.4.jar;C:\Users\Lenovo\.m2\repository\ch\qos\logback\logback-classic\1.2.5\logback-classic-1.2.5.jar;C:\Users\Lenovo\.m2\repository\ch\qos\logback\logback-core\1.2.5\logback-core-1.2.5.jar;C:\Users\Lenovo\.m2\repository\org\apache\logging\log4j\log4j-to-slf4j\2.14.1\log4j-to-slf4j-2.14.1.jar;C:\Users\Lenovo\.m2\repository\org\apache\logging\log4j\log4j-api\2.14.1\log4j-api-2.14.1.jar;C:\Users\Lenovo\.m2\repository\org\slf4j\jul-to-slf4j\1.7.32\jul-to-slf4j-1.7.32.jar;C:\Users\Lenovo\.m2\repository\jakarta\annotation\jakarta.annotation-api\1.3.5\jakarta.annotation-api-1.3.5.jar;C:\Users\Lenovo\.m2\repository\org\yaml\snakeyaml\1.28\snakeyaml-1.28.jar;C:\Users\Lenovo\.m2\repository\org\springframework\boot\spring-boot-starter-json\2.5.4\spring-boot-starter-json-2.5.4.jar;C:\Users\Lenovo\.m2\repository\com\fasterxml\jackson\core\jackson-databind\2.12.4\jackson-databind-2.12.4.jar;C:\Users\Lenovo\.m2\repository\com\fasterxml\jackson\core\jackson-annotations\2.12.4\jackson-annotations-2.12.4.jar;C:\Users\Lenovo\.m2\repository\com\fasterxml\jackson\core\jackson-core\2.12.4\jackson-core-2.12.4.jar;C:\Users\Lenovo\.m2\repository\com\fasterxml\jackson\datatype\jackson-datatype-jdk8\2.12.4\jackson-datatype-jdk8-2.12.4.jar;C:\Users\Lenovo\.m2\repository\com\fasterxml\jackson\datatype\jackson-datatype-jsr310\2.12.4\jackson-datatype-jsr310-2.12.4.jar
Launcher Type: SUN_STANDARD

[Global flags]
     intx CICompilerCount                          = 3                                         {product} {ergonomic}
     uint ConcGCThreads                            = 1                                         {product} {ergonomic}
     uint G1ConcRefinementThreads                  = 4                                         {product} {ergonomic}
   size_t G1HeapRegionSize                         = 1048576                                   {product} {ergonomic}
    uintx GCDrainStackTargetSize                   = 64                                        {product} {ergonomic}
   size_t InitialHeapSize                          = 132120576                                 {product} {ergonomic}
   size_t MarkStackSize                            = 4194304                                   {product} {ergonomic}
   size_t MaxHeapSize                              = 2095054848                                {product} {ergonomic}
   size_t MaxNewSize                               = 1256194048                                {product} {ergonomic}
   size_t MinHeapDeltaBytes                        = 1048576                                   {product} {ergonomic}
    uintx NonNMethodCodeHeapSize                   = 5830732                                {pd product} {ergonomic}
    uintx NonProfiledCodeHeapSize                  = 122913754                              {pd product} {ergonomic}
    uintx ProfiledCodeHeapSize                     = 122913754                              {pd product} {ergonomic}
    uintx ReservedCodeCacheSize                    = 251658240                              {pd product} {ergonomic}
     bool SegmentedCodeCache                       = true                                      {product} {ergonomic}
     bool UseCompressedClassPointers               = true                                 {lp64_product} {ergonomic}
     bool UseCompressedOops                        = true                                 {lp64_product} {ergonomic}
     bool UseG1GC                                  = true                                      {product} {ergonomic}
     bool UseLargePagesIndividualAllocation        = false                                  {pd product} {ergonomic}

Logging:
Log output configuration:
 #0: stdout all=warning uptime,level,tags
 #1: stderr all=off uptime,level,tags

Environment Variables:
JAVA_HOME=C:\Program Files\Java\jdk-11
PATH=C:\Program Files\Common Files\Oracle\Java\javapath;C:\Windows\system32;C:\Windows;C:\Windows\System32\Wbem;C:\Windows\System32\WindowsPowerShell\v1.0\;C:\Program Files\Java\jdk-11\bin;C:\Maven\apache-maven-3.9.9\bin;C:\Program Files\PostgreSQL\16\bin;C:\Program Files\Git\cmd;C:\Users\Lenovo\AppData\Local\Microsoft\WindowsApps;;C:\Program Files\JetBrains\IntelliJ IDEA 2025.1\bin;
USERNAME=Lenovo
OS=Windows_NT
PROCESSOR_IDENTIFIER=Intel64 Family 6 Model 37 Stepping 5, GenuineIntel



---------------  S Y S T E M  ---------------

OS: Windows 10 , 64 bit Build 19041 (10.0.19041.541)

CPU:total 4 (initial active 4) (2 cores per cpu, 2 threads per core) family 6 model 37 stepping 5 microcode 0x7, cmov, cx8, fxsr, mmx, sse, sse2, sse3, ssse3, sse4.1, sse4.2, popcnt, ht, tsc, tscinvbit

Memory: 4k page, system-wide physical 7990M (693M free)
TotalPageFile size 7990M (AvailPageFile size 5M)
current process WorkingSet (physical memory assigned to process): 155M, peak: 156M
current process commit charge ("private bytes"): 254M, peak: 255M

vm_info: Java HotSpot(TM) 64-Bit Server VM (11.0.26+7-LTS-187) for windows-amd64 JRE (11.0.26+7-LTS-187), built on Dec  3 2024 11:06:37 by "mach5one" with MS VC++ 17.6 (VS2022)

END.
